* Hostname in DNS cache was stale, zapped
*   Trying 202.6.215.234...
* TCP_NODELAY set
* Connected to devapi.klikbca.com (202.6.215.234) port 443 (#0)
* ALPN, offering http/1.1
* Cipher selection: ALL:!EXPORT:!EXPORT40:!EXPORT56:!aNULL:!LOW:!RC4:@STRENGTH
* successfully set certificate verify locations:
*   CAfile: /etc/ssl/certs/ca-certificates.crt
  CApath: /etc/ssl/certs
* SSL connection using TLSv1.2 / ECDHE-RSA-AES256-GCM-SHA384
* ALPN, server accepted to use http/1.1
* Server certificate:
*  subject: C=ID; L=Jakarta; O=PT Bank Central Asia Tbk; OU=Group Strategic Information Technology; CN=devapi.klikbca.com
*  start date: Jan 12 00:00:00 2016 GMT
*  expire date: Mar 20 12:00:00 2019 GMT
*  subjectAltName: host "devapi.klikbca.com" matched cert's "devapi.klikbca.com"
*  issuer: C=US; O=DigiCert Inc; CN=DigiCert SHA2 Secure Server CA
*  SSL certificate verify ok.
> GET /banking/v3/corporates/h2hauto008/accounts/0611104625/statements?StartDate=2017-03-01&EndDate=2017-03-017 HTTP/1.1
Host: devapi.klikbca.com
Accept: */*
Content-Type: application/json
Authorization: Bearer n4c1vR8tw287QTGDm5ila9vHJdSeJfrClWPfUYRBzgk9QgKWyEa9Hb
X-BCA-Key: dcc99ba6-3b2f-479b-9f85-86a09ccaaacf
X-BCA-Timestamp: 2018-11-13T15:23:44.000+07:00
X-BCA-Signature: b95aeaa69a0f7aa656b0b919bbe090803a944bee0a05acbf75e3b9463bc57527

< HTTP/1.1 400 Bad Request
< Date: Tue, 13 Nov 2018 08:23:44 GMT
< X-Rate-Limit: [{"window":30975,"type":"throttle","remaining":9636}]
< Server: 
< Connection: close
< X-CorrelationID: Id-108aea5b1a221b93ccc13dd7 0
< Accept: */*
< ClientID: b095ac9d-2d21-42a3-a70c-4781f4570704
< Host: devapi.klikbca.com
< X-BCA-Key: dcc99ba6-3b2f-479b-9f85-86a09ccaaacf
< X-BCA-Signature: b95aeaa69a0f7aa656b0b919bbe090803a944bee0a05acbf75e3b9463bc57527
< X-BCA-Timestamp: 2018-11-13T15:23:44.000+07:00
< Content-Type: application/json
< 
* Curl_http_done: called premature == 0
* Closing connection 0
