* Hostname in DNS cache was stale, zapped
*   Trying 202.6.215.234...
* TCP_NODELAY set
* Connected to devapi.klikbca.com (202.6.215.234) port 443 (#0)
* ALPN, offering http/1.1
* Cipher selection: ALL:!EXPORT:!EXPORT40:!EXPORT56:!aNULL:!LOW:!RC4:@STRENGTH
* successfully set certificate verify locations:
*   CAfile: /etc/ssl/certs/ca-certificates.crt
  CApath: /etc/ssl/certs
* SSL connection using TLSv1.2 / ECDHE-RSA-AES256-GCM-SHA384
* ALPN, server accepted to use http/1.1
* Server certificate:
*  subject: C=ID; L=Jakarta; O=PT Bank Central Asia Tbk; OU=Group Strategic Information Technology; CN=devapi.klikbca.com
*  start date: Jan 12 00:00:00 2016 GMT
*  expire date: Mar 20 12:00:00 2019 GMT
*  subjectAltName: host "devapi.klikbca.com" matched cert's "devapi.klikbca.com"
*  issuer: C=US; O=DigiCert Inc; CN=DigiCert SHA2 Secure Server CA
*  SSL certificate verify ok.
> GET /banking/v3/corporates/h2hauto008/accounts/"0613005827" HTTP/1.1
Host: devapi.klikbca.com
Accept: */*
Content-Type: application/json
Authorization: Bearer wz5V7nE4pET7AkJPHZqefCEn3cCAxNqZvORT9XdKmUv2LuvuBYuT00
X-BCA-Key: dcc99ba6-3b2f-479b-9f85-86a09ccaaacf
X-BCA-Timestamp: 2018-11-28T12:04:15.000+07:00
X-BCA-Signature: 41966c92b7602752d2ef8e110107fd6a66ad0ff25f1bc21a7fb20d86c8f3f899

< HTTP/1.1 400 Bad Request
< Date: Wed, 28 Nov 2018 05:04:15 GMT
< Server: 
< Connection: close
< X-CorrelationID: Id-cf21fe5be010578552c37267 0
< 
* Curl_http_done: called premature == 0
* Closing connection 0
