* Hostname in DNS cache was stale, zapped
*   Trying 202.6.215.234...
* TCP_NODELAY set
* Connected to devapi.klikbca.com (202.6.215.234) port 443 (#0)
* ALPN, offering http/1.1
* Cipher selection: ALL:!EXPORT:!EXPORT40:!EXPORT56:!aNULL:!LOW:!RC4:@STRENGTH
* successfully set certificate verify locations:
*   CAfile: /etc/ssl/certs/ca-certificates.crt
  CApath: /etc/ssl/certs
* SSL connection using TLSv1.2 / ECDHE-RSA-AES256-GCM-SHA384
* ALPN, server accepted to use http/1.1
* Server certificate:
*  subject: C=ID; L=Jakarta; O=PT Bank Central Asia Tbk; OU=Group Strategic Information Technology; CN=devapi.klikbca.com
*  start date: Jan 12 00:00:00 2016 GMT
*  expire date: Mar 20 12:00:00 2019 GMT
*  subjectAltName: host "devapi.klikbca.com" matched cert's "devapi.klikbca.com"
*  issuer: C=US; O=DigiCert Inc; CN=DigiCert SHA2 Secure Server CA
*  SSL certificate verify ok.
> GET /banking/v3/corporates/h2hauto008/accounts/0613005827 HTTP/1.1
Host: devapi.klikbca.com
Accept: */*
Content-Type: application/json
Authorization: Bearer VLLc1C4pkBJfGJipJ1RyvzkxwK3AJRt8tlLwzlYVNGbW6w1r1NTSHT
X-BCA-Key: dcc99ba6-3b2f-479b-9f85-86a09ccaaacf
X-BCA-Timestamp: 2018-11-28T13:33:15.000+07:00
X-BCA-Signature: a1ae987d599c03876d22e842de7890c2152caee2cd103ebc35cb1a70022cfe35

< HTTP/1.1 200 OK
< X-Rate-Limit: [{"window":37603,"type":"throttle","remaining":9527}]
< Max-Forwards: 19
< Via: 1.0 DEVEAIAPIGW (), 1.0 DEVEAIAPIGW ()
< Connection: close
< X-CorrelationID: Id-ab36fe5b912f3d4f4b55833d 0; Id-ac36fe5b922f57cbb7b403e2 0
< Date: Wed, 28 Nov 2018 06:33:16 GMT
< Server: Oracle-HTTP-Server-11g
< X-ORACLE-DMS-ECID: 0002lzh4vJR7U8QLyaXBiW0000WA000HgW
< X-ORACLE-DMS-RID: 0:1
< Content-Type: application/json
< 
* Curl_http_done: called premature == 0
* Closing connection 0
