* Hostname in DNS cache was stale, zapped
*   Trying 202.6.215.234...
* TCP_NODELAY set
* Connected to devapi.klikbca.com (202.6.215.234) port 443 (#0)
* ALPN, offering http/1.1
* Cipher selection: ALL:!EXPORT:!EXPORT40:!EXPORT56:!aNULL:!LOW:!RC4:@STRENGTH
* successfully set certificate verify locations:
*   CAfile: /etc/ssl/certs/ca-certificates.crt
  CApath: /etc/ssl/certs
* SSL connection using TLSv1.2 / ECDHE-RSA-AES256-GCM-SHA384
* ALPN, server accepted to use http/1.1
* Server certificate:
*  subject: C=ID; L=Jakarta; O=PT Bank Central Asia Tbk; OU=Group Strategic Information Technology; CN=devapi.klikbca.com
*  start date: Jan 12 00:00:00 2016 GMT
*  expire date: Mar 20 12:00:00 2019 GMT
*  subjectAltName: host "devapi.klikbca.com" matched cert's "devapi.klikbca.com"
*  issuer: C=US; O=DigiCert Inc; CN=DigiCert SHA2 Secure Server CA
*  SSL certificate verify ok.
> GET /banking/v3/corporates/h2hauto008/accounts/0613005908%2C0613005878%2C0613005827%2C0613005860%2C0613005916%2C0613005886%2C0613106259%2C0613106208%2C0613106224%2C0613106194%2C0613106160%2C0613106089%2C0613105953%2C0611115813%2C0611112504%2C0611112466%2C0611112512%2C0611112555%2C0611102380%2C0611102355%2C0611102321%2C0611101235%2C0611105893%2C0611102436%2C0611102363%2C0613332607%2C0613331261%2C0613331317%2C0613331228%2C0613336696%2C0613336670 HTTP/1.1
Host: devapi.klikbca.com
Accept: */*
Content-Type: application/json
Authorization: Bearer Yj0y8cYXf6pW1AaNfrwpbtErOvahTuYUm9UrbodRUWm8vCOP3R9wP3
X-BCA-Key: dcc99ba6-3b2f-479b-9f85-86a09ccaaacf
X-BCA-Timestamp: 2018-11-21T17:05:38.000+07:00
X-BCA-Signature: 386323b20ac3d0ec2e356dad088eceab0994b55fb180269c9b80a113525f23ba

< HTTP/1.1 400 Bad Request
< X-Rate-Limit: [{"window":24860,"type":"throttle","remaining":9799}]
< Max-Forwards: 19
< Via: 1.0 DEVEAIAPIGW (), 1.0 DEVEAIAPIGW ()
< Connection: close
< X-CorrelationID: Id-f32df55be30f9b746674a1e9 0; Id-f42df55be40f1aa7691daf50 0
< Date: Wed, 21 Nov 2018 10:05:38 GMT
< Server: Oracle-HTTP-Server-11g
< X-ORACLE-DMS-ECID: 0002dOLK9DB7U8QLyaXBiW0000WA0005Wh
< X-ORACLE-DMS-RID: 0:1
< Content-Type: application/json
< 
* Curl_http_done: called premature == 0
* Closing connection 0
