* Hostname devapi.klikbca.com was found in DNS cache
*   Trying 202.6.215.234...
* TCP_NODELAY set
* Connected to devapi.klikbca.com (202.6.215.234) port 443 (#0)
* ALPN, offering http/1.1
* Cipher selection: ALL:!EXPORT:!EXPORT40:!EXPORT56:!aNULL:!LOW:!RC4:@STRENGTH
* successfully set certificate verify locations:
*   CAfile: /etc/ssl/certs/ca-certificates.crt
  CApath: /etc/ssl/certs
* SSL connection using TLSv1.2 / ECDHE-RSA-AES256-GCM-SHA384
* ALPN, server accepted to use http/1.1
* Server certificate:
*  subject: C=ID; L=Jakarta; O=PT Bank Central Asia Tbk; OU=Group Strategic Information Technology; CN=devapi.klikbca.com
*  start date: Jan 12 00:00:00 2016 GMT
*  expire date: Mar 20 12:00:00 2019 GMT
*  subjectAltName: host "devapi.klikbca.com" matched cert's "devapi.klikbca.com"
*  issuer: C=US; O=DigiCert Inc; CN=DigiCert SHA2 Secure Server CA
*  SSL certificate verify ok.
> GET /banking/v3/corporates/h2hauto008/accounts/0613005908%2C0613005878%2C0613005827%2C0613005860%2C0613005916%2C0613005886%2C0613106259%2C0613106208%2C0613106224%2C0613106194%2C0613106160%2C0613106089%2C0613105953 HTTP/1.1
Host: devapi.klikbca.com
Accept: */*
Content-Type: application/json
Authorization: Bearer hZKUseTvSWsdfjQ9EJJtcBJOPpj8zWmhB6EpdY4ZrttlW6WYaKTfwL
X-BCA-Key: dcc99ba6-3b2f-479b-9f85-86a09ccaaacf
X-BCA-Timestamp: 2018-11-13T09:15:52.136+07:00
X-BCA-Signature: c6dcce1c57191544c3a4bf9dbda6fa926dea4f83a6b4b63e0715aa410ebc5a03

< HTTP/1.1 200 OK
< X-Rate-Limit: [{"window":53047,"type":"throttle","remaining":9877}]
< Max-Forwards: 19
< Via: 1.0 DEVEAIAPIGW (), 1.0 DEVEAIAPIGW ()
< Connection: close
< X-CorrelationID: Id-d833ea5b7bd0ac46d57194df 0; Id-d833ea5b7cd01c9503cf3d98 0
< Date: Tue, 13 Nov 2018 02:15:52 GMT
< Server: Oracle-HTTP-Server-11g
< X-ORACLE-DMS-ECID: 0002UuOZniH7U8QLyaXBiW0000WA001466
< X-ORACLE-DMS-RID: 0:1
< Content-Type: application/json
< 
* Curl_http_done: called premature == 0
* Closing connection 0
