* Hostname devapi.klikbca.com was found in DNS cache
*   Trying 202.6.215.234...
* TCP_NODELAY set
* Connected to devapi.klikbca.com (202.6.215.234) port 443 (#0)
* ALPN, offering http/1.1
* Cipher selection: ALL:!EXPORT:!EXPORT40:!EXPORT56:!aNULL:!LOW:!RC4:@STRENGTH
* successfully set certificate verify locations:
*   CAfile: /etc/ssl/certs/ca-certificates.crt
  CApath: /etc/ssl/certs
* SSL connection using TLSv1.2 / ECDHE-RSA-AES256-GCM-SHA384
* ALPN, server accepted to use http/1.1
* Server certificate:
*  subject: C=ID; L=Jakarta; O=PT Bank Central Asia Tbk; OU=Group Strategic Information Technology; CN=devapi.klikbca.com
*  start date: Jan 12 00:00:00 2016 GMT
*  expire date: Mar 20 12:00:00 2019 GMT
*  subjectAltName: host "devapi.klikbca.com" matched cert's "devapi.klikbca.com"
*  issuer: C=US; O=DigiCert Inc; CN=DigiCert SHA2 Secure Server CA
*  SSL certificate verify ok.
> POST /banking/corporates/transfers HTTP/1.1
Host: devapi.klikbca.com
Accept: */*
Content-Type: application/json
Authorization: Bearer Zdi3Ezipg4PO3ZC2ZD7F3TvKfVt7K8il8HFWclJv3MYf70n1O06B2n
X-BCA-Key: dcc99ba6-3b2f-479b-9f85-86a09ccaaacf
X-BCA-Timestamp: 2018-11-15T15:17:20.000+07:00
X-BCA-Signature: 71cd771e0bd69d61a2ef4d9dce494925f366f3573a15aaa11973c49f86e832ad
Content-Length: 270

* upload completely sent off: 270 out of 270 bytes
< HTTP/1.1 200 OK
< X-Rate-Limit: [{"window":31358,"type":"throttle","remaining":9264}]
< Max-Forwards: 19
< Via: 1.0 DEVEAIAPIGW (), 1.0 DEVEAIAPIGW ()
< Connection: close
< X-CorrelationID: Id-902bed5bdc7c2a123901a3b7 0; Id-912bed5bdd7c4eb38e3c29f2 0
< Date: Thu, 15 Nov 2018 08:17:21 GMT
< Server: Oracle-HTTP-Server-11g
< Content-Type: application/json
< 
* Curl_http_done: called premature == 0
* Closing connection 0
