* Hostname devapi.klikbca.com was found in DNS cache
*   Trying 202.6.215.234...
* TCP_NODELAY set
* Connected to devapi.klikbca.com (202.6.215.234) port 443 (#0)
* ALPN, offering http/1.1
* Cipher selection: ALL:!EXPORT:!EXPORT40:!EXPORT56:!aNULL:!LOW:!RC4:@STRENGTH
* successfully set certificate verify locations:
*   CAfile: /etc/ssl/certs/ca-certificates.crt
  CApath: /etc/ssl/certs
* SSL connection using TLSv1.2 / ECDHE-RSA-AES256-GCM-SHA384
* ALPN, server accepted to use http/1.1
* Server certificate:
*  subject: C=ID; L=Jakarta; O=PT Bank Central Asia Tbk; OU=Group Strategic Information Technology; CN=devapi.klikbca.com
*  start date: Jan 12 00:00:00 2016 GMT
*  expire date: Mar 20 12:00:00 2019 GMT
*  subjectAltName: host "devapi.klikbca.com" matched cert's "devapi.klikbca.com"
*  issuer: C=US; O=DigiCert Inc; CN=DigiCert SHA2 Secure Server CA
*  SSL certificate verify ok.
> GET /banking/v3/corporates/h2hauto008/accounts/0613005827 HTTP/1.1
Host: devapi.klikbca.com
Accept: */*
Content-Type: application/json
Authorization: Bearer Yj0y8cYXf6pW1AaNfrwpbtErOvahTuYUm9UrbodRUWm8vCOP3R9wP3
X-BCA-Key: dcc99ba6-3b2f-479b-9f85-86a09ccaaacf
X-BCA-Timestamp: 2018-11-21T16:57:49.000+07:00
X-BCA-Signature: c61afc40f7867a6c9e3df4bc39aefe3d147814d38b5a3756143b55c9a0dee862

* Operation timed out after 30001 milliseconds with 0 bytes received
* Curl_http_done: called premature == 1
* stopped the pause stream!
* Closing connection 0
