* Hostname devapi.klikbca.com was found in DNS cache
*   Trying 202.6.215.234...
* TCP_NODELAY set
* Connected to devapi.klikbca.com (202.6.215.234) port 443 (#0)
* ALPN, offering http/1.1
* Cipher selection: ALL:!EXPORT:!EXPORT40:!EXPORT56:!aNULL:!LOW:!RC4:@STRENGTH
* successfully set certificate verify locations:
*   CAfile: /etc/ssl/certs/ca-certificates.crt
  CApath: /etc/ssl/certs
* SSL connection using TLSv1.2 / ECDHE-RSA-AES256-GCM-SHA384
* ALPN, server accepted to use http/1.1
* Server certificate:
*  subject: C=ID; L=Jakarta; O=PT Bank Central Asia Tbk; OU=Group Strategic Information Technology; CN=devapi.klikbca.com
*  start date: Jan 12 00:00:00 2016 GMT
*  expire date: Mar 20 12:00:00 2019 GMT
*  subjectAltName: host "devapi.klikbca.com" matched cert's "devapi.klikbca.com"
*  issuer: C=US; O=DigiCert Inc; CN=DigiCert SHA2 Secure Server CA
*  SSL certificate verify ok.
> GET /banking/v3/corporates/h2hauto008/accounts/0613332607/statements?StartDate=2018-11-29&EndDate=2018-11-29 HTTP/1.1
Host: devapi.klikbca.com
Accept: */*
Content-Type: application/json
Authorization: Bearer qrjrY5O23tLqBkhSnbTtyPsdQm8T5EYAvER0KvXbEm1BPPEvOkf2vN
X-BCA-Key: dcc99ba6-3b2f-479b-9f85-86a09ccaaacf
X-BCA-Timestamp: 2018-11-29T17:03:19.000+07:00
X-BCA-Signature: a01c54b2cf7eb942f942eae2aa54139ef41951da4855f2c5705537fe6a78b216

< HTTP/1.1 400 Bad Request
< X-Rate-Limit: [{"window":24999,"type":"throttle","remaining":9313}]
< Max-Forwards: 19
< Via: 1.0 DEVEAIAPIGW (), 1.0 DEVEAIAPIGW ()
< Connection: close
< X-CorrelationID: Id-67b9ff5bf812a97331b9a42c 0; Id-68b9ff5bf9124e1ef6a484d1 0
< Date: Thu, 29 Nov 2018 10:03:20 GMT
< Server: Oracle-HTTP-Server-11g
< X-ORACLE-DMS-ECID: 0002nRttrAw7U8QLyaXBiW0000WA000JvK
< X-ORACLE-DMS-RID: 0:1
< Content-Type: application/json
< 
* Curl_http_done: called premature == 0
* Closing connection 0
