* Hostname devapi.klikbca.com was found in DNS cache
*   Trying 202.6.215.234...
* TCP_NODELAY set
* Connected to devapi.klikbca.com (202.6.215.234) port 443 (#0)
* ALPN, offering http/1.1
* Cipher selection: ALL:!EXPORT:!EXPORT40:!EXPORT56:!aNULL:!LOW:!RC4:@STRENGTH
* successfully set certificate verify locations:
*   CAfile: /etc/ssl/certs/ca-certificates.crt
  CApath: /etc/ssl/certs
* SSL connection using TLSv1.2 / ECDHE-RSA-AES256-GCM-SHA384
* ALPN, server accepted to use http/1.1
* Server certificate:
*  subject: C=ID; L=Jakarta; O=PT Bank Central Asia Tbk; OU=Group Strategic Information Technology; CN=devapi.klikbca.com
*  start date: Jan 12 00:00:00 2016 GMT
*  expire date: Mar 20 12:00:00 2019 GMT
*  subjectAltName: host "devapi.klikbca.com" matched cert's "devapi.klikbca.com"
*  issuer: C=US; O=DigiCert Inc; CN=DigiCert SHA2 Secure Server CA
*  SSL certificate verify ok.
> GET /banking/v3/corporates/h2hauto008/accounts/0613005908%2C0613005878%2C0613005827%2C0613005860%2C0613005916%2C0613005886%2C0613106259%2C0613106208%2C0613106224%2C0613106194%2C0613106160%2C0613106089%2C0613105953%2C0611115813%2C0611112504%2C0611112466%2C0611112512%2C0611112555%2C0611102380%2C0611102355 HTTP/1.1
Host: devapi.klikbca.com
Accept: */*
Content-Type: application/json
Authorization: Bearer tyv6VvpJAlpt0pqWMxqGpVn3e6mQOfZsdLlDQpbKkgHx3CJZ4T8D65
X-BCA-Key: dcc99ba6-3b2f-479b-9f85-86a09ccaaacf
X-BCA-Timestamp: 2018-11-16T11:12:51.000+07:00
X-BCA-Signature: 2122c088fa74755bb4cc683ab2c28af37e1fe4478471724c72db56d68b5bedde

< HTTP/1.1 200 OK
< X-Rate-Limit: [{"window":46027,"type":"throttle","remaining":9596}]
< Max-Forwards: 19
< Via: 1.0 DEVEAIAPIGW (), 1.0 DEVEAIAPIGW ()
< Connection: close
< X-CorrelationID: Id-c443ee5bb05c46e15d87d4be 0; Id-c443ee5bb15c0c57dc6314ca 0
< Date: Fri, 16 Nov 2018 04:12:52 GMT
< Server: Oracle-HTTP-Server-11g
< X-ORACLE-DMS-ECID: 0002YmJlVkp7U8QLyaXBiW0000WA0016a5
< X-ORACLE-DMS-RID: 0:1
< Content-Type: application/json
< 
* Curl_http_done: called premature == 0
* Closing connection 0
