* Hostname devapi.klikbca.com was found in DNS cache
*   Trying 202.6.215.234...
* TCP_NODELAY set
* Connected to devapi.klikbca.com (202.6.215.234) port 443 (#0)
* ALPN, offering http/1.1
* Cipher selection: ALL:!EXPORT:!EXPORT40:!EXPORT56:!aNULL:!LOW:!RC4:@STRENGTH
* successfully set certificate verify locations:
*   CAfile: /etc/ssl/certs/ca-certificates.crt
  CApath: /etc/ssl/certs
* SSL connection using TLSv1.2 / ECDHE-RSA-AES256-GCM-SHA384
* ALPN, server accepted to use http/1.1
* Server certificate:
*  subject: C=ID; L=Jakarta; O=PT Bank Central Asia Tbk; OU=Group Strategic Information Technology; CN=devapi.klikbca.com
*  start date: Jan 12 00:00:00 2016 GMT
*  expire date: Mar 20 12:00:00 2019 GMT
*  subjectAltName: host "devapi.klikbca.com" matched cert's "devapi.klikbca.com"
*  issuer: C=US; O=DigiCert Inc; CN=DigiCert SHA2 Secure Server CA
*  SSL certificate verify ok.
> GET /banking/v3/corporates/h2hauto008/accounts/0613005908%2C0613005878%2C0613005827%2C0613005860%2C0613005916%2C0613005886%2C0613106259%2C0613106208%2C0613106224%2C0613106194%2C0613106160%2C0613106089%2C0613105953 HTTP/1.1
Host: devapi.klikbca.com
Accept: */*
Content-Type: application/json
Authorization: Bearer RR5SbwKSYRt69c0d7z8eJmA0i2r55m4qHXISS7LxIEer60SbWY8tGc
X-BCA-Key: dcc99ba6-3b2f-479b-9f85-86a09ccaaacf
X-BCA-Timestamp: 2018-11-13T09:15:30.135+07:00
X-BCA-Signature: 4ad419473267df37d7e3db1f91be3c78b2013d57f23fc35523f9eb51524013a3

< HTTP/1.1 401 Unauthorized
< Date: Tue, 13 Nov 2018 02:15:31 GMT
< Server: 
< Connection: close
< X-CorrelationID: Id-c333ea5b8c8ca57f4269c12d 0
< Accept: */*
< Host: devapi.klikbca.com
< IP-Destination: 10.20.219.147
< IP-Source: 10.20.219.143
< WWW-Authenticate: Bearer realm="DefaultRealm",error="invalid_token",error_description="Unable to find the access token in persistent storage."
< X-BCA-Key: dcc99ba6-3b2f-479b-9f85-86a09ccaaacf
< X-BCA-Signature: 4ad419473267df37d7e3db1f91be3c78b2013d57f23fc35523f9eb51524013a3
< X-BCA-Timestamp: 2018-11-13T09:15:30.135+07:00
< Content-Type: application/json
< 
* Curl_http_done: called premature == 0
* Closing connection 0
