* Hostname in DNS cache was stale, zapped
*   Trying 202.6.215.234...
* TCP_NODELAY set
* Connected to devapi.klikbca.com (202.6.215.234) port 443 (#0)
* ALPN, offering http/1.1
* Cipher selection: ALL:!EXPORT:!EXPORT40:!EXPORT56:!aNULL:!LOW:!RC4:@STRENGTH
* successfully set certificate verify locations:
*   CAfile: /etc/ssl/certs/ca-certificates.crt
  CApath: /etc/ssl/certs
* SSL connection using TLSv1.2 / ECDHE-RSA-AES256-GCM-SHA384
* ALPN, server accepted to use http/1.1
* Server certificate:
*  subject: C=ID; L=Jakarta; O=PT Bank Central Asia Tbk; OU=Group Strategic Information Technology; CN=devapi.klikbca.com
*  start date: Jan 12 00:00:00 2016 GMT
*  expire date: Mar 20 12:00:00 2019 GMT
*  subjectAltName: host "devapi.klikbca.com" matched cert's "devapi.klikbca.com"
*  issuer: C=US; O=DigiCert Inc; CN=DigiCert SHA2 Secure Server CA
*  SSL certificate verify ok.
> POST /banking/corporates/transfers HTTP/1.1
Host: devapi.klikbca.com
Accept: */*
Content-Type: application/json
Authorization: Bearer oOTjbODdNEmWNswi6NulgaN6114UizWP53p68jmjzAtlOD8ZpNxV06
X-BCA-Key: dcc99ba6-3b2f-479b-9f85-86a09ccaaacf
X-BCA-Timestamp: 2018-11-15T11:39:22.000+07:00
X-BCA-Signature: e9008c8067b0efe5d3d9925ff54a6f8bf906a510009cb01b973c31fb2301a0d3
Content-Length: 272

* upload completely sent off: 272 out of 272 bytes
< HTTP/1.1 500 Internal Server Error
< X-Rate-Limit: [{"window":44437,"type":"throttle","remaining":9482}]
< Max-Forwards: 19
< Via: 1.0 DEVEAIAPIGW (), 1.0 DEVEAIAPIGW ()
< Connection: close
< X-CorrelationID: Id-7af8ec5bda588d2ed6ad283d 0; Id-7af8ec5bdb58adf0f3b1d6c9 0
< Date: Thu, 15 Nov 2018 04:39:22 GMT
< Server: Oracle-HTTP-Server-11g
< Content-Type: application/json
< 
* Curl_http_done: called premature == 0
* Closing connection 0
