* Hostname devapi.klikbca.com was found in DNS cache
*   Trying 202.6.215.234...
* TCP_NODELAY set
* Connected to devapi.klikbca.com (202.6.215.234) port 443 (#0)
* ALPN, offering http/1.1
* Cipher selection: ALL:!EXPORT:!EXPORT40:!EXPORT56:!aNULL:!LOW:!RC4:@STRENGTH
* successfully set certificate verify locations:
*   CAfile: /etc/ssl/certs/ca-certificates.crt
  CApath: /etc/ssl/certs
* SSL connection using TLSv1.2 / ECDHE-RSA-AES256-GCM-SHA384
* ALPN, server accepted to use http/1.1
* Server certificate:
*  subject: C=ID; L=Jakarta; O=PT Bank Central Asia Tbk; OU=Group Strategic Information Technology; CN=devapi.klikbca.com
*  start date: Jan 12 00:00:00 2016 GMT
*  expire date: Mar 20 12:00:00 2019 GMT
*  subjectAltName: host "devapi.klikbca.com" matched cert's "devapi.klikbca.com"
*  issuer: C=US; O=DigiCert Inc; CN=DigiCert SHA2 Secure Server CA
*  SSL certificate verify ok.
> POST /banking/corporates/transfers HTTP/1.1
Host: devapi.klikbca.com
Accept: */*
Content-Type: application/json
Authorization: Bearer RO5xqWOh5yO4pWpugQLBoopAPquScmzkZdc2pOdjwNdFXLhhSniMe0
X-BCA-Key: dcc99ba6-3b2f-479b-9f85-86a09ccaaacf
X-BCA-Timestamp: 2018-11-14T16:46:06.000+07:00
X-BCA-Signature: a786d63920a7eb7e9395d642780e9ea5256e4821a373cc79c57cb07bf3772d7d
Content-Length: 0

< HTTP/1.1 400 Bad Request
< Date: Wed, 14 Nov 2018 09:46:06 GMT
< Server: 
< Connection: close
< X-CorrelationID: Id-deeeeb5b10130cfdc2a7f0f0 0
< Accept: */*
< Authorization: Bearer RO5xqWOh5yO4pWpugQLBoopAPquScmzkZdc2pOdjwNdFXLhhSniMe0
< Host: devapi.klikbca.com
< X-BCA-Key: dcc99ba6-3b2f-479b-9f85-86a09ccaaacf
< X-BCA-Signature: a786d63920a7eb7e9395d642780e9ea5256e4821a373cc79c57cb07bf3772d7d
< X-BCA-Timestamp: 2018-11-14T16:46:06.000+07:00
< Content-Type: application/json
< 
* Curl_http_done: called premature == 0
* Closing connection 0
