*   Trying 202.6.215.234...
* TCP_NODELAY set
* Connected to devapi.klikbca.com (202.6.215.234) port 443 (#0)
* ALPN, offering http/1.1
* Cipher selection: ALL:!EXPORT:!EXPORT40:!EXPORT56:!aNULL:!LOW:!RC4:@STRENGTH
* successfully set certificate verify locations:
*   CAfile: /etc/ssl/certs/ca-certificates.crt
  CApath: /etc/ssl/certs
* SSL connection using TLSv1.2 / ECDHE-RSA-AES256-GCM-SHA384
* ALPN, server accepted to use http/1.1
* Server certificate:
*  subject: C=ID; L=Jakarta; O=PT Bank Central Asia Tbk; OU=Group Strategic Information Technology; CN=devapi.klikbca.com
*  start date: Jan 12 00:00:00 2016 GMT
*  expire date: Mar 20 12:00:00 2019 GMT
*  subjectAltName: host "devapi.klikbca.com" matched cert's "devapi.klikbca.com"
*  issuer: C=US; O=DigiCert Inc; CN=DigiCert SHA2 Secure Server CA
*  SSL certificate verify ok.
> GET /banking/v3/corporates/h2hauto008/accounts/0613005827 HTTP/1.1
Host: devapi.klikbca.com
Accept: */*
Content-Type: application/json
Authorization: Bearer m94QT5g21bekMrf8PV27iKctUWo2EfcZ2yfG13xn0Ut2kD2gJaxih9
X-BCA-Key: dcc99ba6-3b2f-479b-9f85-86a09ccaaacf
X-BCA-Timestamp: 2018-11-21T15:03:54.000+07:00
X-BCA-Signature: 72a7d20564213f4a5ab8debb02bd566e82d654e7175561ca8903b0096079e761

< HTTP/1.1 401 Unauthorized
< Date: Wed, 21 Nov 2018 08:03:56 GMT
< Server: 
< Connection: close
< X-CorrelationID: Id-6c11f55b5717c38d89fc6671 0
< Accept: */*
< Host: devapi.klikbca.com
< WWW-Authenticate: Bearer realm="DefaultRealm",error="invalid_token",error_description="Unable to find the access token in persistent storage."
< X-BCA-Key: dcc99ba6-3b2f-479b-9f85-86a09ccaaacf
< X-BCA-Signature: 72a7d20564213f4a5ab8debb02bd566e82d654e7175561ca8903b0096079e761
< X-BCA-Timestamp: 2018-11-21T15:03:54.000+07:00
< Content-Type: application/json
< 
* Curl_http_done: called premature == 0
* Closing connection 0
