* Hostname in DNS cache was stale, zapped
*   Trying 202.6.215.234...
* TCP_NODELAY set
* Connected to devapi.klikbca.com (202.6.215.234) port 443 (#0)
* ALPN, offering http/1.1
* Cipher selection: ALL:!EXPORT:!EXPORT40:!EXPORT56:!aNULL:!LOW:!RC4:@STRENGTH
* successfully set certificate verify locations:
*   CAfile: /etc/ssl/certs/ca-certificates.crt
  CApath: /etc/ssl/certs
* SSL connection using TLSv1.2 / ECDHE-RSA-AES256-GCM-SHA384
* ALPN, server accepted to use http/1.1
* Server certificate:
*  subject: C=ID; L=Jakarta; O=PT Bank Central Asia Tbk; OU=Group Strategic Information Technology; CN=devapi.klikbca.com
*  start date: Jan 12 00:00:00 2016 GMT
*  expire date: Mar 20 12:00:00 2019 GMT
*  subjectAltName: host "devapi.klikbca.com" matched cert's "devapi.klikbca.com"
*  issuer: C=US; O=DigiCert Inc; CN=DigiCert SHA2 Secure Server CA
*  SSL certificate verify ok.
> POST /banking/corporates/transfers HTTP/1.1
Host: devapi.klikbca.com
Accept: */*
Content-Type: application/json
Authorization: Bearer igtCVkQUmD1U6IvxwuQZmeQ2a0Xsvc2lUlb1I84NivHqsthqsnSxgr
X-BCA-Key: dcc99ba6-3b2f-479b-9f85-86a09ccaaacf
X-BCA-Timestamp: 2018-11-15T09:06:45.000+07:00
X-BCA-Signature: 098d6e2bb2026070d86694c50fa718a424d6c7754af9c9edd4ab86727bae0db4
Content-Length: 274

* upload completely sent off: 274 out of 274 bytes
< HTTP/1.1 400 Bad Request
< Date: Thu, 15 Nov 2018 02:06:45 GMT
< X-Rate-Limit: [{"window":53594,"type":"throttle","remaining":9725}]
< Server: 
< Connection: close
< X-CorrelationID: Id-b5d4ec5bfa45fb688c5dab33 0
< Accept: */*
< ClientID: b095ac9d-2d21-42a3-a70c-4781f4570704
< Host: devapi.klikbca.com
< X-BCA-Key: dcc99ba6-3b2f-479b-9f85-86a09ccaaacf
< X-BCA-Signature: 098d6e2bb2026070d86694c50fa718a424d6c7754af9c9edd4ab86727bae0db4
< X-BCA-Timestamp: 2018-11-15T09:06:45.000+07:00
< Content-Type: application/json
< 
* Curl_http_done: called premature == 0
* Closing connection 0
