* Hostname devapi.klikbca.com was found in DNS cache
*   Trying 202.6.215.234...
* TCP_NODELAY set
* Connected to devapi.klikbca.com (202.6.215.234) port 443 (#0)
* ALPN, offering http/1.1
* Cipher selection: ALL:!EXPORT:!EXPORT40:!EXPORT56:!aNULL:!LOW:!RC4:@STRENGTH
* successfully set certificate verify locations:
*   CAfile: /etc/ssl/certs/ca-certificates.crt
  CApath: /etc/ssl/certs
* SSL connection using TLSv1.2 / ECDHE-RSA-AES256-GCM-SHA384
* ALPN, server accepted to use http/1.1
* Server certificate:
*  subject: C=ID; L=Jakarta; O=PT Bank Central Asia Tbk; OU=Group Strategic Information Technology; CN=devapi.klikbca.com
*  start date: Jan 12 00:00:00 2016 GMT
*  expire date: Mar 20 12:00:00 2019 GMT
*  subjectAltName: host "devapi.klikbca.com" matched cert's "devapi.klikbca.com"
*  issuer: C=US; O=DigiCert Inc; CN=DigiCert SHA2 Secure Server CA
*  SSL certificate verify ok.
> GET /banking/v3/corporates/h2hauto008/accounts/0613106089 HTTP/1.1
Host: devapi.klikbca.com
Accept: */*
Content-Type: application/json
Authorization: Bearer DQFPOBMCw3Ti6yBOq4XCTbu2Dwz619QT4lp8BAI6Q53535uGq0ziGu
X-BCA-Key: dcc99ba6-3b2f-479b-9f85-86a09ccaaacf
X-BCA-Timestamp: 2018-11-22T13:37:20.000+07:00
X-BCA-Signature: ca7d3f55b0405c422b587ee61a9e529b76801672aecf888598b366b04a24eed6

< HTTP/1.1 200 OK
< X-Rate-Limit: [{"window":37358,"type":"throttle","remaining":9424}]
< Max-Forwards: 19
< Via: 1.0 DEVEAIAPIGW (), 1.0 DEVEAIAPIGW ()
< Connection: close
< X-CorrelationID: Id-a14ef65b1eaf0db988224eb2 0; Id-a14ef65b1fafd381802db22b 0
< Date: Thu, 22 Nov 2018 06:37:21 GMT
< Server: Oracle-HTTP-Server-11g
< X-ORACLE-DMS-ECID: 0002eTA4rlZ7U8QLyaXBiW0000WA0006ZH
< X-ORACLE-DMS-RID: 0:1
< Content-Type: application/json
< 
* Curl_http_done: called premature == 0
* Closing connection 0
