* Hostname devapi.klikbca.com was found in DNS cache
*   Trying 202.6.215.234...
* TCP_NODELAY set
* Connected to devapi.klikbca.com (202.6.215.234) port 443 (#0)
* ALPN, offering http/1.1
* Cipher selection: ALL:!EXPORT:!EXPORT40:!EXPORT56:!aNULL:!LOW:!RC4:@STRENGTH
* successfully set certificate verify locations:
*   CAfile: /etc/ssl/certs/ca-certificates.crt
  CApath: /etc/ssl/certs
* SSL connection using TLSv1.2 / ECDHE-RSA-AES256-GCM-SHA384
* ALPN, server accepted to use http/1.1
* Server certificate:
*  subject: C=ID; L=Jakarta; O=PT Bank Central Asia Tbk; OU=Group Strategic Information Technology; CN=devapi.klikbca.com
*  start date: Jan 12 00:00:00 2016 GMT
*  expire date: Mar 20 12:00:00 2019 GMT
*  subjectAltName: host "devapi.klikbca.com" matched cert's "devapi.klikbca.com"
*  issuer: C=US; O=DigiCert Inc; CN=DigiCert SHA2 Secure Server CA
*  SSL certificate verify ok.
> POST /banking/corporates/transfers HTTP/1.1
Host: devapi.klikbca.com
Accept: */*
Content-Type: application/json
Authorization: Bearer igtCVkQUmD1U6IvxwuQZmeQ2a0Xsvc2lUlb1I84NivHqsthqsnSxgr
X-BCA-Key: dcc99ba6-3b2f-479b-9f85-86a09ccaaacf
X-BCA-Timestamp: 2018-11-15T09:07:48.000+07:00
X-BCA-Signature: 14bae66bec8aa8641c685657c3ca2d5057266819f5fd3ecd1c9d21f4c4e7e49d
Content-Length: 274

* upload completely sent off: 274 out of 274 bytes
< HTTP/1.1 400 Bad Request
< Date: Thu, 15 Nov 2018 02:07:48 GMT
< X-Rate-Limit: [{"window":53531,"type":"throttle","remaining":9724}]
< Server: 
< Connection: close
< X-CorrelationID: Id-f4d4ec5bfb4534b31b3f2c04 0
< Accept: */*
< ClientID: b095ac9d-2d21-42a3-a70c-4781f4570704
< Host: devapi.klikbca.com
< X-BCA-Key: dcc99ba6-3b2f-479b-9f85-86a09ccaaacf
< X-BCA-Signature: 14bae66bec8aa8641c685657c3ca2d5057266819f5fd3ecd1c9d21f4c4e7e49d
< X-BCA-Timestamp: 2018-11-15T09:07:48.000+07:00
< Content-Type: application/json
< 
* Curl_http_done: called premature == 0
* Closing connection 0
