[2018-11-14 14:40:17.573075] TRANSFER_REQUEST => POST /banking/corporates/transfers/{"CorporateID":"h2hauto008","SourceAccountNumber":"0613005827","TransactionID":"0000000001","TransactionDate":"2018-11-14","ReferenceID":"23545636","CurrencyCode":"IDR","Amount":"750965","BeneficiaryAccountNumber":"0611111231","Remark1":"Tes Transfer","Remark2":"Tes Pertama"}
[2018-11-14 14:40:53.314445] TRANSFER_REQUEST => POST /banking/corporates/transfers/{"CorporateID":"h2hauto008","SourceAccountNumber":"0613005827","TransactionID":"0000000001","TransactionDate":"2018-11-14","ReferenceID":"23545636","CurrencyCode":"IDR","Amount":"750965","BeneficiaryAccountNumber":"0611111231","Remark1":"Tes Transfer","Remark2":"Tes Pertama"}
[2018-11-14 14:40:53.572336] TRANSFER_RESPONSE => {"ErrorCode":"ESB-14-001", "ErrorMessage":{"Indonesian":"HMAC Tidak Cocok" , "English":"HMAC Mismatch"}}
[2018-11-14 14:41:43.167659] TRANSFER_REQUEST => POST /banking/corporates/transfers/{"CorporateID":"h2hauto008","SourceAccountNumber":"0613005827","TransactionID":"0000000001","TransactionDate":"2018-11-14","ReferenceID":"23545636","CurrencyCode":"IDR","Amount":"750965","BeneficiaryAccountNumber":"0611111231","Remark1":"Tes Transfer","Remark2":"Tes Pertama"}
[2018-11-14 14:41:43.493818] TRANSFER_RESPONSE => {"ErrorCode":"ESB-14-001", "ErrorMessage":{"Indonesian":"HMAC Tidak Cocok" , "English":"HMAC Mismatch"}}
[2018-11-14 14:48:39.505696] TRANSFER_REQUEST => POST /banking/corporates/transfers/{"CorporateID":"H2HAUTO008","SourceAccountNumber":"0613005827","TransactionID":"0000000001","TransactionDate":"2018-11-14","ReferenceID":"23545636","CurrencyCode":"IDR","Amount":"750965","BeneficiaryAccountNumber":"0611111231","Remark1":"Tes Transfer","Remark2":"Tes Pertama"}
[2018-11-14 14:48:39.842849] TRANSFER_RESPONSE => {"ErrorCode":"ESB-14-001", "ErrorMessage":{"Indonesian":"HMAC Tidak Cocok" , "English":"HMAC Mismatch"}}
[2018-11-14 14:48:42.755548] TRANSFER_REQUEST => POST /banking/corporates/transfers/{"CorporateID":"H2HAUTO008","SourceAccountNumber":"0613005827","TransactionID":"0000000001","TransactionDate":"2018-11-14","ReferenceID":"23545636","CurrencyCode":"IDR","Amount":"750965","BeneficiaryAccountNumber":"0611111231","Remark1":"Tes Transfer","Remark2":"Tes Pertama"}
[2018-11-14 14:48:42.990284] TRANSFER_RESPONSE => {"ErrorCode":"ESB-14-001", "ErrorMessage":{"Indonesian":"HMAC Tidak Cocok" , "English":"HMAC Mismatch"}}
[2018-11-14 14:48:44.864527] TRANSFER_REQUEST => POST /banking/corporates/transfers/{"CorporateID":"H2HAUTO008","SourceAccountNumber":"0613005827","TransactionID":"0000000001","TransactionDate":"2018-11-14","ReferenceID":"23545636","CurrencyCode":"IDR","Amount":"750965","BeneficiaryAccountNumber":"0611111231","Remark1":"Tes Transfer","Remark2":"Tes Pertama"}
[2018-11-14 14:48:45.107868] TRANSFER_RESPONSE => {"ErrorCode":"ESB-14-001", "ErrorMessage":{"Indonesian":"HMAC Tidak Cocok" , "English":"HMAC Mismatch"}}
[2018-11-14 14:53:25.197594] TRANSFER_REQUEST => POST /banking/corporates/transfers/{"CorporateID":"H2HAUTO008","SourceAccountNumber":"0613005827","TransactionID":"0000000001","TransactionDate":"2018-11-14","ReferenceID":"23545636","CurrencyCode":"IDR","Amount":"750965","BeneficiaryAccountNumber":"0611111231","Remark1":"Tes Transfer","Remark2":"Tes Pertama"}
[2018-11-14 14:53:27.764605] TRANSFER_RESPONSE => {"ErrorCode":"ESB-14-002", "ErrorMessage":{"Indonesian":"Permintaan tidak valid" , "English":"Invalid Request"}}
[2018-11-14 14:58:34.302716] TRANSFER_REQUEST => POST /banking/corporates/transfers/{"CorporateID":"H2HAUTO008","SourceAccountNumber":"0613005827","TransactionID":"00000005","TransactionDate":"2018-11-14","ReferenceID":"23545636","CurrencyCode":"IDR","Amount":"750965","BeneficiaryAccountNumber":"0611111231","Remark1":"Tes Transfer","Remark2":"Tes Pertama"}
[2018-11-14 14:58:34.575911] TRANSFER_RESPONSE => {"ErrorCode":"ESB-14-002", "ErrorMessage":{"Indonesian":"Permintaan tidak valid" , "English":"Invalid Request"}}
[2018-11-14 15:03:59.004544] TRANSFER_REQUEST => POST /banking/corporates/transfers/{"CorporateID":"H2HAUTO008","SourceAccountNumber":"0613005827","TransactionID":"0000000001","TransactionDate":"2018-11-14","ReferenceID":"23545636","CurrencyCode":"IDR","Amount":"750965","BeneficiaryAccountNumber":"0611111231","Remark1":"Tes Transfer","Remark2":"Tes Pertama"}
[2018-11-14 15:03:59.258896] TRANSFER_RESPONSE => {"ErrorCode":"ESB-14-002", "ErrorMessage":{"Indonesian":"Permintaan tidak valid" , "English":"Invalid Request"}}
[2018-11-14 15:07:21.466744] TRANSFER_REQUEST => POST /banking/corporates/transfers/{"CorporateID":"H2HAUTO008","SourceAccountNumber":"0613005827","TransactionID":"0000000001","TransactionDate":"2018-11-14","ReferenceID":"23545636","CurrencyCode":"IDR","Amount":"750965.00","BeneficiaryAccountNumber":"0611111231","Remark1":"Tes Transfer","Remark2":"Tes Pertama"}
[2018-11-14 15:07:21.733973] TRANSFER_RESPONSE => {"ErrorCode":"ESB-14-002", "ErrorMessage":{"Indonesian":"Permintaan tidak valid" , "English":"Invalid Request"}}
[2018-11-14 15:12:09.027746] TRANSFER_REQUEST => POST /banking/corporates/transfers/{"CorporateID":"H2HAUTO008","SourceAccountNumber":"0613005827","TransactionID":"00000001","TransactionDate":"2018-11-14","ReferenceID":"23545636","CurrencyCode":"IDR","Amount":"750965.00","BeneficiaryAccountNumber":"0611111231","Remark1":"Tes Transfer","Remark2":"Tes Pertama"}
[2018-11-14 15:12:09.362869] TRANSFER_RESPONSE => {"ErrorCode":"ESB-14-002", "ErrorMessage":{"Indonesian":"Permintaan tidak valid" , "English":"Invalid Request"}}
[2018-11-14 16:46:06.819812] TRANSFER_REQUEST => POST /banking/corporates/transfers/{"CorporateID":"H2HAUTO008","SourceAccountNumber":"0613005827","TransactionID":"00000001","TransactionDate":"2018-11-14","ReferenceID":"23545636","CurrencyCode":"IDR","Amount":"750965.00","BeneficiaryAccountNumber":"0611111231","Remark1":"Tes Transfer","Remark2":"Tes Pertama"}
[2018-11-14 16:46:07.041745] TRANSFER_RESPONSE => {"ErrorCode":"ESB-14-002", "ErrorMessage":{"Indonesian":"Permintaan tidak valid" , "English":"Invalid Request"}}
[2018-11-14 16:58:53.439004] TRANSFER_REQUEST => POST /banking/corporates/transfers/{"CorporateID":"H2HAUTO008","SourceAccountNumber":"0613005827","TransactionID":"00000001","TransactionDate":"2018-11-14","ReferenceID":"23545636","CurrencyCode":"IDR","Amount":"750965.00","BeneficiaryAccountNumber":"0611111231","Remark1":"Tes Transfer","Remark2":"Tes Pertama"}
[2018-11-14 16:58:53.527988] TRANSFER_RESPONSE => 
[2018-11-14 16:58:58.716064] TRANSFER_REQUEST => POST /banking/corporates/transfers/{"CorporateID":"H2HAUTO008","SourceAccountNumber":"0613005827","TransactionID":"00000001","TransactionDate":"2018-11-14","ReferenceID":"23545636","CurrencyCode":"IDR","Amount":"750965.00","BeneficiaryAccountNumber":"0611111231","Remark1":"Tes Transfer","Remark2":"Tes Pertama"}
[2018-11-14 16:58:58.791328] TRANSFER_RESPONSE => 
[2018-11-14 17:00:32.429506] TRANSFER_REQUEST => POST /banking/corporates/transfers/{"CorporateID":"H2HAUTO008","SourceAccountNumber":"0613005827","TransactionID":"00000001","TransactionDate":"2018-11-14","ReferenceID":"23545636","CurrencyCode":"IDR","Amount":"750965.00","BeneficiaryAccountNumber":"0611111231","Remark1":"Tes Transfer","Remark2":"Tes Pertama"}
[2018-11-14 17:00:32.494693] TRANSFER_RESPONSE => 
[2018-11-14 17:02:57.329627] TRANSFER_REQUEST => POST /banking/corporates/transfers/{"CorporateID":"H2HAUTO008","SourceAccountNumber":"0613005827","TransactionID":"00000001","TransactionDate":"2018-11-14","ReferenceID":"23545636","CurrencyCode":"IDR","Amount":"750965.00","BeneficiaryAccountNumber":"0611111231","Remark1":"Tes Transfer","Remark2":"Tes Pertama"}
[2018-11-14 17:02:57.582142] TRANSFER_RESPONSE => {"ErrorCode":"ESB-14-016", "ErrorMessage":{"Indonesian":"Format JSON tidak valid" , "English":"Invalid JSON format"}}
[2018-11-14 17:03:25.916881] TRANSFER_REQUEST => POST /banking/corporates/transfers/{"CorporateID":"H2HAUTO008","SourceAccountNumber":"0613005827","TransactionID":"00000001","TransactionDate":"2018-11-14","ReferenceID":"23545636","CurrencyCode":"IDR","Amount":"750965.00","BeneficiaryAccountNumber":"0611111231","Remark1":"Tes Transfer","Remark2":"Tes Pertama"}
[2018-11-14 17:03:25.993318] TRANSFER_RESPONSE => 
