[2018-11-21 14:04:08.633361] BALANCE_REQUEST => GET /banking/v3/corporates/h2hauto008/accounts/0613332607
[2018-11-21 14:04:18.980110] BALANCE_RESPONSE => {"ErrorCode":"ESB-14-010", "ErrorMessage":{"Indonesian":"Jumlah permintaan melebihi limit" , "English":"Limit request exceeded"}}
[2018-11-21 14:04:56.652635] BALANCE_REQUEST => GET /banking/v3/corporates/h2hauto008/accounts/0613332607
[2018-11-21 14:04:56.857357] BALANCE_RESPONSE => {"ErrorCode":"ESB-14-010", "ErrorMessage":{"Indonesian":"Jumlah permintaan melebihi limit" , "English":"Limit request exceeded"}}
[2018-11-21 14:05:29.731618] BALANCE_REQUEST => GET /banking/v3/corporates/h2hauto008/accounts/0613005827
[2018-11-21 14:05:29.931360] BALANCE_RESPONSE => {"ErrorCode":"ESB-14-010", "ErrorMessage":{"Indonesian":"Jumlah permintaan melebihi limit" , "English":"Limit request exceeded"}}
[2018-11-21 14:35:06.526859] BALANCE_REQUEST => GET /banking/v3/corporates/h2hauto008/accounts/0613005827
[2018-11-21 14:35:18.253381] BALANCE_RESPONSE => {"AccountDetailDataSuccess":[{"AccountNumber":"0613005827","Currency":"IDR","Balance":"747715381.93","AvailableBalance":"747715381.93","FloatAmount":"0.00","HoldAmount":"0.00","Plafon":"0.00"}],"AccountDetailDataFailed":[]}
[2018-11-21 15:00:39.616141] BALANCE_REQUEST => GET /banking/v3/corporates/h2hauto008/accounts/0613005827
[2018-11-21 15:01:09.620142] BALANCE_RESPONSE => 
[2018-11-21 15:03:54.857827] BALANCE_REQUEST => GET /banking/v3/corporates/h2hauto008/accounts/0613005827
[2018-11-21 15:04:13.463797] BALANCE_RESPONSE => {"ErrorCode":"ESB-14-009", "ErrorMessage":{"Indonesian":"Tidak berhak" , "English":"Unauthorized"}}
[2018-11-21 15:08:39.516458] BALANCE_REQUEST => GET /banking/v3/corporates/h2hauto008/accounts/0613005827
[2018-11-21 15:08:50.942836] BALANCE_RESPONSE => {"AccountDetailDataSuccess":[{"AccountNumber":"0613005827","Currency":"IDR","Balance":"747715381.93","AvailableBalance":"747715381.93","FloatAmount":"0.00","HoldAmount":"0.00","Plafon":"0.00"}],"AccountDetailDataFailed":[]}
[2018-11-21 15:23:56.130249] BALANCE_REQUEST => GET /banking/v3/corporates/h2hauto008/accounts/0613005827
[2018-11-21 15:23:56.593336] BALANCE_RESPONSE => {"AccountDetailDataSuccess":[{"AccountNumber":"0613005827","Currency":"IDR","Balance":"747715381.93","AvailableBalance":"747715381.93","FloatAmount":"0.00","HoldAmount":"0.00","Plafon":"0.00"}],"AccountDetailDataFailed":[]}
[2018-11-21 15:43:59.229727] BALANCE_REQUEST => GET /banking/v3/corporates/h2hauto008/accounts/0613005827
[2018-11-21 15:44:29.234035] BALANCE_RESPONSE => 
[2018-11-21 15:44:41.369860] BALANCE_REQUEST => GET /banking/v3/corporates/h2hauto008/accounts/0613005827
[2018-11-21 15:45:11.372237] BALANCE_RESPONSE => 
[2018-11-21 15:45:36.125850] BALANCE_REQUEST => GET /banking/v3/corporates/h2hauto008/accounts/0613332607
[2018-11-21 15:45:36.820606] BALANCE_RESPONSE => {"AccountDetailDataSuccess":[{"AccountNumber":"0613332607","Currency":"USD","Balance":"45315.33","AvailableBalance":"45315.33","FloatAmount":"0.00","HoldAmount":"0.00","Plafon":"0.00"}],"AccountDetailDataFailed":[]}
[2018-11-21 15:46:02.631895] BALANCE_REQUEST => GET /banking/v3/corporates/h2hauto008/accounts/0613005827
[2018-11-21 15:46:03.363363] BALANCE_RESPONSE => {"AccountDetailDataSuccess":[{"AccountNumber":"0613005827","Currency":"IDR","Balance":"747715381.93","AvailableBalance":"747715381.93","FloatAmount":"0.00","HoldAmount":"0.00","Plafon":"0.00"}],"AccountDetailDataFailed":[]}
[2018-11-21 16:50:10.645937] BALANCE_REQUEST => GET /banking/v3/corporates/h2hauto008/accounts/0613005827
[2018-11-21 16:50:11.203536] BALANCE_RESPONSE => {"AccountDetailDataSuccess":[{"AccountNumber":"0613005827","Currency":"IDR","Balance":"867715381.93","AvailableBalance":"867715381.93","FloatAmount":"0.00","HoldAmount":"0.00","Plafon":"0.00"}],"AccountDetailDataFailed":[]}
[2018-11-21 16:54:17.034857] BALANCE_REQUEST => GET /banking/v3/corporates/h2hauto008/accounts/0613005827
[2018-11-21 16:54:17.483866] BALANCE_RESPONSE => {"AccountDetailDataSuccess":[{"AccountNumber":"0613005827","Currency":"IDR","Balance":"867715381.93","AvailableBalance":"867715381.93","FloatAmount":"0.00","HoldAmount":"0.00","Plafon":"0.00"}],"AccountDetailDataFailed":[]}
[2018-11-21 16:54:51.710525] BALANCE_REQUEST => GET /banking/v3/corporates/h2hauto008/accounts/0613005827
[2018-11-21 16:54:53.161612] BALANCE_RESPONSE => {"AccountDetailDataSuccess":[{"AccountNumber":"0613005827","Currency":"IDR","Balance":"867715381.93","AvailableBalance":"867715381.93","FloatAmount":"0.00","HoldAmount":"0.00","Plafon":"0.00"}],"AccountDetailDataFailed":[]}
[2018-11-21 16:54:53.170418] BALANCE_REQUEST => GET /banking/v3/corporates/h2hauto008/accounts/0613005827
[2018-11-21 16:54:54.061569] BALANCE_RESPONSE => {"AccountDetailDataSuccess":[{"AccountNumber":"0613005827","Currency":"IDR","Balance":"867715381.93","AvailableBalance":"867715381.93","FloatAmount":"0.00","HoldAmount":"0.00","Plafon":"0.00"}],"AccountDetailDataFailed":[]}
[2018-11-21 16:55:20.219127] BALANCE_REQUEST => GET /banking/v3/corporates/h2hauto008/accounts/0613005827
[2018-11-21 16:55:20.799943] BALANCE_RESPONSE => {"AccountDetailDataSuccess":[{"AccountNumber":"0613005827","Currency":"IDR","Balance":"867715381.93","AvailableBalance":"867715381.93","FloatAmount":"0.00","HoldAmount":"0.00","Plafon":"0.00"}],"AccountDetailDataFailed":[]}
[2018-11-21 16:55:21.377019] BALANCE_REQUEST => GET /banking/v3/corporates/h2hauto008/accounts/0613005827
[2018-11-21 16:55:21.806333] BALANCE_RESPONSE => {"AccountDetailDataSuccess":[{"AccountNumber":"0613005827","Currency":"IDR","Balance":"867715381.93","AvailableBalance":"867715381.93","FloatAmount":"0.00","HoldAmount":"0.00","Plafon":"0.00"}],"AccountDetailDataFailed":[]}
[2018-11-21 16:55:48.292637] BALANCE_REQUEST => GET /banking/v3/corporates/h2hauto008/accounts/0613005827
[2018-11-21 16:55:48.803772] BALANCE_RESPONSE => {"AccountDetailDataSuccess":[{"AccountNumber":"0613005827","Currency":"IDR","Balance":"867715381.93","AvailableBalance":"867715381.93","FloatAmount":"0.00","HoldAmount":"0.00","Plafon":"0.00"}],"AccountDetailDataFailed":[]}
[2018-11-21 16:55:49.277654] BALANCE_REQUEST => GET /banking/v3/corporates/h2hauto008/accounts/0613005827
[2018-11-21 16:55:49.820286] BALANCE_RESPONSE => {"AccountDetailDataSuccess":[{"AccountNumber":"0613005827","Currency":"IDR","Balance":"867715381.93","AvailableBalance":"867715381.93","FloatAmount":"0.00","HoldAmount":"0.00","Plafon":"0.00"}],"AccountDetailDataFailed":[]}
[2018-11-21 16:55:56.167546] BALANCE_REQUEST => GET /banking/v3/corporates/h2hauto008/accounts/0613005827
[2018-11-21 16:55:56.812556] BALANCE_RESPONSE => {"AccountDetailDataSuccess":[{"AccountNumber":"0613005827","Currency":"IDR","Balance":"867715381.93","AvailableBalance":"867715381.93","FloatAmount":"0.00","HoldAmount":"0.00","Plafon":"0.00"}],"AccountDetailDataFailed":[]}
[2018-11-21 16:55:58.064203] BALANCE_REQUEST => GET /banking/v3/corporates/h2hauto008/accounts/0613005827
[2018-11-21 16:55:58.476165] BALANCE_RESPONSE => {"AccountDetailDataSuccess":[{"AccountNumber":"0613005827","Currency":"IDR","Balance":"867715381.93","AvailableBalance":"867715381.93","FloatAmount":"0.00","HoldAmount":"0.00","Plafon":"0.00"}],"AccountDetailDataFailed":[]}
[2018-11-21 16:56:05.380072] BALANCE_REQUEST => GET /banking/v3/corporates/h2hauto008/accounts/0613005827
[2018-11-21 16:56:05.832005] BALANCE_RESPONSE => {"AccountDetailDataSuccess":[{"AccountNumber":"0613005827","Currency":"IDR","Balance":"867715381.93","AvailableBalance":"867715381.93","FloatAmount":"0.00","HoldAmount":"0.00","Plafon":"0.00"}],"AccountDetailDataFailed":[]}
[2018-11-21 16:56:06.280767] BALANCE_REQUEST => GET /banking/v3/corporates/h2hauto008/accounts/0613005827
[2018-11-21 16:56:06.837048] BALANCE_RESPONSE => {"AccountDetailDataSuccess":[{"AccountNumber":"0613005827","Currency":"IDR","Balance":"867715381.93","AvailableBalance":"867715381.93","FloatAmount":"0.00","HoldAmount":"0.00","Plafon":"0.00"}],"AccountDetailDataFailed":[]}
[2018-11-21 16:56:07.119278] BALANCE_REQUEST => GET /banking/v3/corporates/h2hauto008/accounts/0613005827
[2018-11-21 16:56:07.638971] BALANCE_RESPONSE => {"AccountDetailDataSuccess":[{"AccountNumber":"0613005827","Currency":"IDR","Balance":"867715381.93","AvailableBalance":"867715381.93","FloatAmount":"0.00","HoldAmount":"0.00","Plafon":"0.00"}],"AccountDetailDataFailed":[]}
[2018-11-21 16:57:06.647547] BALANCE_REQUEST => GET /banking/v3/corporates/h2hauto008/accounts/0613005827
[2018-11-21 16:57:07.112406] BALANCE_RESPONSE => {"AccountDetailDataSuccess":[{"AccountNumber":"0613005827","Currency":"IDR","Balance":"867715381.93","AvailableBalance":"867715381.93","FloatAmount":"0.00","HoldAmount":"0.00","Plafon":"0.00"}],"AccountDetailDataFailed":[]}
[2018-11-21 16:57:07.504189] BALANCE_REQUEST => GET /banking/v3/corporates/h2hauto008/accounts/0613005827
[2018-11-21 16:57:07.961369] BALANCE_RESPONSE => {"AccountDetailDataSuccess":[{"AccountNumber":"0613005827","Currency":"IDR","Balance":"867715381.93","AvailableBalance":"867715381.93","FloatAmount":"0.00","HoldAmount":"0.00","Plafon":"0.00"}],"AccountDetailDataFailed":[]}
[2018-11-21 16:57:08.260315] BALANCE_REQUEST => GET /banking/v3/corporates/h2hauto008/accounts/0613005827
[2018-11-21 16:57:08.779377] BALANCE_RESPONSE => {"AccountDetailDataSuccess":[{"AccountNumber":"0613005827","Currency":"IDR","Balance":"867715381.93","AvailableBalance":"867715381.93","FloatAmount":"0.00","HoldAmount":"0.00","Plafon":"0.00"}],"AccountDetailDataFailed":[]}
[2018-11-21 16:57:08.787786] BALANCE_REQUEST => GET /banking/v3/corporates/h2hauto008/accounts/0613005827
[2018-11-21 16:57:09.206856] BALANCE_RESPONSE => {"AccountDetailDataSuccess":[{"AccountNumber":"0613005827","Currency":"IDR","Balance":"867715381.93","AvailableBalance":"867715381.93","FloatAmount":"0.00","HoldAmount":"0.00","Plafon":"0.00"}],"AccountDetailDataFailed":[]}
[2018-11-21 16:57:11.402107] BALANCE_REQUEST => GET /banking/v3/corporates/h2hauto008/accounts/0613005827
[2018-11-21 16:57:11.882111] BALANCE_RESPONSE => {"AccountDetailDataSuccess":[{"AccountNumber":"0613005827","Currency":"IDR","Balance":"867715381.93","AvailableBalance":"867715381.93","FloatAmount":"0.00","HoldAmount":"0.00","Plafon":"0.00"}],"AccountDetailDataFailed":[]}
[2018-11-21 16:57:12.174215] BALANCE_REQUEST => GET /banking/v3/corporates/h2hauto008/accounts/0613005827
[2018-11-21 16:57:42.179626] BALANCE_RESPONSE => 
[2018-11-21 16:57:49.616785] BALANCE_REQUEST => GET /banking/v3/corporates/h2hauto008/accounts/0613005827
[2018-11-21 16:58:19.622337] BALANCE_RESPONSE => 
[2018-11-21 16:58:19.636831] BALANCE_REQUEST => GET /banking/v3/corporates/h2hauto008/accounts/0613005827
[2018-11-21 16:58:30.290091] BALANCE_RESPONSE => {"AccountDetailDataSuccess":[{"AccountNumber":"0613005827","Currency":"IDR","Balance":"867715381.93","AvailableBalance":"867715381.93","FloatAmount":"0.00","HoldAmount":"0.00","Plafon":"0.00"}],"AccountDetailDataFailed":[]}
[2018-11-21 17:05:38.042493] BALANCE_REQUEST => GET /banking/v3/corporates/h2hauto008/accounts/0613005908%2C0613005878%2C0613005827%2C0613005860%2C0613005916%2C0613005886%2C0613106259%2C0613106208%2C0613106224%2C0613106194%2C0613106160%2C0613106089%2C0613105953%2C0611115813%2C0611112504%2C0611112466%2C0611112512%2C0611112555%2C0611102380%2C0611102355%2C0611102321%2C0611101235%2C0611105893%2C0611102436%2C0611102363%2C0613332607%2C0613331261%2C0613331317%2C0613331228%2C0613336696%2C0613336670
[2018-11-21 17:05:38.395093] BALANCE_RESPONSE => {"ErrorCode":"ESB-99-128", "ErrorMessage":{"Indonesian":"Total input AccountNumber melebihi ketentuan" , "English":"Total AccountNumber input exceed limit"}}
