[2018-11-30 08:54:08.277451] BALANCE_REQUEST => GET /banking/v3/corporates/h2hauto008/accounts/0613332607
[2018-11-30 08:54:08.656102] BALANCE_RESPONSE => {"AccountDetailDataSuccess":[{"AccountNumber":"0613332607","Currency":"USD","Balance":"45315.33","AvailableBalance":"45315.33","FloatAmount":"0.00","HoldAmount":"0.00","Plafon":"0.00"}],"AccountDetailDataFailed":[]}
[2018-11-30 08:55:26.911467] BALANCE_REQUEST => GET /banking/v3/corporates/h2hauto008/accounts/0613005827
[2018-11-30 08:55:27.301012] BALANCE_RESPONSE => {"AccountDetailDataSuccess":[{"AccountNumber":"0613005827","Currency":"IDR","Balance":"803102237.93","AvailableBalance":"803102237.93","FloatAmount":"0.00","HoldAmount":"0.00","Plafon":"0.00"}],"AccountDetailDataFailed":[]}
[2018-11-30 08:55:43.036057] STATEMENT_REQUEST => GET /banking/v3/corporates/h2hauto008/accounts/0613332607/statements?EndDate=2018-11-29&StartDate=2018-11-29
[2018-11-30 08:55:43.543551] STATEMENT_RESPONSE => {"ErrorCode":"ESB-07-271", "ErrorMessage":{"Indonesian":"Tidak ada transaksi" , "English":"No transaction"}}
[2018-11-30 08:56:28.917597] TRANSFER_REQUEST => POST /banking/corporates/transfers/{"CorporateID":"H2HAUTO008","SourceAccountNumber":"0613005827","TransactionID":"00000021","TransactionDate":"2018-11-30","ReferenceID":"345566","CurrencyCode":"IDR","Amount":"1500","BeneficiaryAccountNumber":"0611111231","Remark1":"TF1500","Remark2":""}
[2018-11-30 08:56:29.611386] TRANSFER_RESPONSE => {"ErrorCode":"ESB-82-014", "ErrorMessage":{"Indonesian":"AccountNumber tidak valid" , "English":"Invalid AccountNumber"}}
[2018-11-30 08:56:39.033629] TRANSFER_REQUEST => POST /banking/corporates/transfers/{"CorporateID":"H2HAUTO008","SourceAccountNumber":"0613005827","TransactionID":"00000022","TransactionDate":"2018-11-30","ReferenceID":"345566","CurrencyCode":"IDR","Amount":"1500","BeneficiaryAccountNumber":"0611111231","Remark1":"TF1500","Remark2":""}
[2018-11-30 08:56:39.665685] TRANSFER_RESPONSE => {"ErrorCode":"ESB-82-014", "ErrorMessage":{"Indonesian":"AccountNumber tidak valid" , "English":"Invalid AccountNumber"}}
[2018-11-30 08:56:52.096164] TRANSFER_REQUEST => POST /banking/corporates/transfers/{"CorporateID":"H2HAUTO008","SourceAccountNumber":"0613005827","TransactionID":"00000023","TransactionDate":"2018-11-30","ReferenceID":"345566","CurrencyCode":"IDR","Amount":"1500","BeneficiaryAccountNumber":"0611111231","Remark1":"TF1500","Remark2":""}
[2018-11-30 08:56:52.861488] TRANSFER_RESPONSE => {"ErrorCode":"ESB-82-014", "ErrorMessage":{"Indonesian":"AccountNumber tidak valid" , "English":"Invalid AccountNumber"}}
[2018-11-30 10:37:07.198878] TRANSFER_REQUEST => POST /banking/corporates/transfers/{"CorporateID":"H2HAUTO008","SourceAccountNumber":"0613005827","TransactionID":"00000024","TransactionDate":"2018-11-30","ReferenceID":"345566","CurrencyCode":"IDR","Amount":"1500","BeneficiaryAccountNumber":"0611111231","Remark1":"TF1500","Remark2":""}
[2018-11-30 10:37:08.247752] TRANSFER_RESPONSE => {"ErrorCode":"ESB-82-025", "ErrorMessage":{"Indonesian":"Sedang diproses, silakan periksa mutasi rekening" , "English":"In progress, please check your account statement"}}
[2018-11-30 10:37:29.325336] STATEMENT_REQUEST => GET /banking/v3/corporates/h2hauto008/accounts/0613005827/statements?EndDate=2018-11-30&StartDate=2018-11-30
[2018-11-30 10:37:30.156286] STATEMENT_RESPONSE => {"ErrorCode":"ESB-07-271", "ErrorMessage":{"Indonesian":"Tidak ada transaksi" , "English":"No transaction"}}
[2018-11-30 10:37:57.347981] STATEMENT_REQUEST => GET /banking/v3/corporates/h2hauto008/accounts/0613005827/statements?EndDate=2018-11-30&StartDate=2018-11-30
[2018-11-30 10:37:57.740317] STATEMENT_RESPONSE => {"ErrorCode":"ESB-07-271", "ErrorMessage":{"Indonesian":"Tidak ada transaksi" , "English":"No transaction"}}
[2018-11-30 10:37:58.733272] STATEMENT_REQUEST => GET /banking/v3/corporates/h2hauto008/accounts/0613005827/statements?EndDate=2018-11-30&StartDate=2018-11-30
[2018-11-30 10:37:59.125674] STATEMENT_RESPONSE => {"ErrorCode":"ESB-07-271", "ErrorMessage":{"Indonesian":"Tidak ada transaksi" , "English":"No transaction"}}
[2018-11-30 10:37:59.772321] STATEMENT_REQUEST => GET /banking/v3/corporates/h2hauto008/accounts/0613005827/statements?EndDate=2018-11-30&StartDate=2018-11-30
[2018-11-30 10:38:00.272486] STATEMENT_RESPONSE => {"ErrorCode":"ESB-07-271", "ErrorMessage":{"Indonesian":"Tidak ada transaksi" , "English":"No transaction"}}
[2018-11-30 10:41:39.678800] STATEMENT_REQUEST => GET /banking/v3/corporates/h2hauto008/accounts/0613005827/statements?EndDate=2018-11-30&StartDate=2018-11-30
[2018-11-30 10:41:40.139064] STATEMENT_RESPONSE => {"ErrorCode":"ESB-07-271", "ErrorMessage":{"Indonesian":"Tidak ada transaksi" , "English":"No transaction"}}
[2018-11-30 10:42:31.016462] STATEMENT_REQUEST => GET /banking/v3/corporates/h2hauto008/accounts/0613005827/statements?EndDate=2018-11-30&StartDate=2018-11-30
[2018-11-30 10:42:31.388988] STATEMENT_RESPONSE => {"ErrorCode":"ESB-07-271", "ErrorMessage":{"Indonesian":"Tidak ada transaksi" , "English":"No transaction"}}
[2018-11-30 10:54:55.885137] BALANCE_REQUEST => GET /banking/v3/corporates/h2hauto008/accounts/0613005827
[2018-11-30 10:54:56.353893] BALANCE_RESPONSE => {"AccountDetailDataSuccess":[{"AccountNumber":"0613005827","Currency":"IDR","Balance":"803100737.93","AvailableBalance":"803100737.93","FloatAmount":"0.00","HoldAmount":"0.00","Plafon":"0.00"}],"AccountDetailDataFailed":[]}
[2018-11-30 10:55:49.082978] STATEMENT_REQUEST => GET /banking/v3/corporates/h2hauto008/accounts/0613005827/statements?EndDate=2018-11-30&StartDate=2018-11-29
[2018-11-30 10:55:50.602569] STATEMENT_RESPONSE => {"StartDate":"2018-11-29","EndDate":"2018-11-30","Currency":"IDR","StartBalance":"868929432.93","Data":[{"TransactionDate":"29/11","BranchCode":"0000","TransactionType":"D","TransactionAmount":"10.00","TransactionName":"TRSF E-BANKING DB","Trailer":"0403/FTSCY/WS95051 10.00remark remark PERUSAHAAN 2 "},{"TransactionDate":"29/11","BranchCode":"0000","TransactionType":"D","TransactionAmount":"10.00","TransactionName":"TRSF E-BANKING DB","Trailer":"0403/FTSCY/WS95051 10.00remark remark PERUSAHAAN 2 "},{"TransactionDate":"29/11","BranchCode":"0000","TransactionType":"D","TransactionAmount":"10.00","TransactionName":"TRSF E-BANKING DB","Trailer":"0403/FTSCY/WS95051 10.00remark remark PERUSAHAAN 2 "},{"TransactionDate":"29/11","BranchCode":"0000","TransactionType":"D","TransactionAmount":"54309000.00","TransactionName":"TRSF E-BANKING DB","Trailer":"0403/FTSCY/WS95051 54309000.00testtf UNTUNG BANGET PT "},{"TransactionDate":"29/11","BranchCode":"0000","TransactionType":"D","TransactionAmount":"750965.00","TransactionName":"TRSF E-BANKING DB","Trailer":"0403/FTSCY/WS95051 750965.00UNTUNG BANGET PT "},{"TransactionDate":"29/11","BranchCode":"0000","TransactionType":"D","TransactionAmount":"2000.00","TransactionName":"TRSF E-BANKING DB","Trailer":"0403/FTSCY/WS95051 2000.00tf2000 UNTUNG BANGET PT "},{"TransactionDate":"29/11","BranchCode":"0000","TransactionType":"D","TransactionAmount":"2000000.00","TransactionName":"TRSF E-BANKING DB","Trailer":"0403/FTSCY/WS95051 2000000.00UNTUNG BANGET PT "},{"TransactionDate":"29/11","BranchCode":"0000","TransactionType":"D","TransactionAmount":"2000000.00","TransactionName":"TRSF E-BANKING DB","Trailer":"0403/FTSCY/WS95051 2000000.00Loan18110200120 Funding UNTUNG BANGET PT "},{"TransactionDate":"29/11","BranchCode":"0000","TransactionType":"D","TransactionAmount":"1500.00","TransactionName":"TRSF E-BANKING DB","Trailer":"0403/FTSCY/WS95051 1500.00tf1500 UNTUNG BANGET PT "},{"TransactionDate":"29/11","BranchCode":"0000","TransactionType":"D","TransactionAmount":"2000000.00","TransactionName":"TRSF E-BANKING DB","Trailer":"0403/FTSCY/WS95051 2000000.00Loan18110200120 Funding UNTUNG BANGET PT "},{"TransactionDate":"29/11","BranchCode":"0000","TransactionType":"D","TransactionAmount":"6900.00","TransactionName":"TRSF E-BANKING DB","Trailer":"0403/FTSCY/WS95051 6900.00tf UNTUNG BANGET PT "},{"TransactionDate":"29/11","BranchCode":"0000","TransactionType":"D","TransactionAmount":"6800.00","TransactionName":"TRSF E-BANKING DB","Trailer":"0403/FTSCY/WS95051 6800.00tf68900 UNTUNG BANGET PT "},{"TransactionDate":"29/11","BranchCode":"0000","TransactionType":"D","TransactionAmount":"4750000.00","TransactionName":"TRSF E-BANKING DB","Trailer":"0403/FTSCY/WS95051 4750000.00JULO-Disburse 1545467396, 10000014, UNTUNG BANGET PT "},{"TransactionDate":"PEND","BranchCode":"0000","TransactionType":"D","TransactionAmount":"1500.00","TransactionName":"TRSF E-BANKING DB","Trailer":"0403/FTSCY/WS95051 1500.00TF1500 UNTUNG BANGET PT "}]}
[2018-11-30 10:59:42.923214] TRANSFER_REQUEST => POST /banking/corporates/transfers/{"CorporateID":"H2HAUTO008","SourceAccountNumber":"0613005827","TransactionID":"00000025","TransactionDate":"2018-11-30","ReferenceID":"0344434","CurrencyCode":"IDR","Amount":"10000","BeneficiaryAccountNumber":"0611111231","Remark1":"ket01","Remark2":"ket02"}
[2018-11-30 10:59:44.425266] TRANSFER_RESPONSE => {
	"TransactionID":"00000025",
	"TransactionDate":"2018-11-30",
	"ReferenceID":"0344434",
	"Status":"Success"
}
[2018-11-30 10:59:53.748281] STATEMENT_REQUEST => GET /banking/v3/corporates/h2hauto008/accounts/0613005827/statements?EndDate=2018-11-30&StartDate=2018-11-30
[2018-11-30 10:59:54.148622] STATEMENT_RESPONSE => {"StartDate":"2018-11-30","EndDate":"2018-11-30","Currency":"IDR","StartBalance":"803102237.93","Data":[{"TransactionDate":"PEND","BranchCode":"0000","TransactionType":"D","TransactionAmount":"1500.00","TransactionName":"TRSF E-BANKING DB","Trailer":"0403/FTSCY/WS95051 1500.00TF1500 UNTUNG BANGET PT "},{"TransactionDate":"PEND","BranchCode":"0000","TransactionType":"D","TransactionAmount":"10000.00","TransactionName":"TRSF E-BANKING DB","Trailer":"0403/FTSCY/WS95051 10000.00ket01 ket02 UNTUNG BANGET PT "}]}
